make[1]: Entering directory '/build/exabayes/src/exabayes-1.5.1'
 /usr/bin/mkdir -p '/build/exabayes/pkg/exabayes/usr/bin'
 /usr/bin/mkdir -p '/build/exabayes/pkg/exabayes/usr/share/doc/exabayes'
 /usr/bin/mkdir -p '/build/exabayes/pkg/exabayes/usr/share/doc/exabayes/examples/dna-unpartitioned'
 /usr/bin/mkdir -p '/build/exabayes/pkg/exabayes/usr/share/doc/exabayes/examples'
 /usr/bin/mkdir -p '/build/exabayes/pkg/exabayes/usr/share/doc/exabayes/examples/aa'
 /usr/bin/mkdir -p '/build/exabayes/pkg/exabayes/usr/share/doc/exabayes/examples/aa-revmat'
 /usr/bin/mkdir -p '/build/exabayes/pkg/exabayes/usr/share/doc/exabayes/examples/dna-partitioned'
 /usr/bin/install -c -m 644 ./CHANGELOG ./README.md ./COPYING '/build/exabayes/pkg/exabayes/usr/share/doc/exabayes'
 /usr/bin/install -c -m 644 examples/dna-unpartitioned/call-parallel.sh examples/dna-unpartitioned/call.sh examples/dna-unpartitioned/config.nex '/build/exabayes/pkg/exabayes/usr/share/doc/exabayes/examples/dna-unpartitioned'
 /usr/bin/install -c -m 644 examples/configFile-all-options.nex '/build/exabayes/pkg/exabayes/usr/share/doc/exabayes/examples'
 /usr/bin/install -c -m 644 examples/aa/call-parallel.sh examples/aa/call.sh examples/aa/config.nex '/build/exabayes/pkg/exabayes/usr/share/doc/exabayes/examples/aa'
  /usr/bin/install -c yggdrasil parser-exabayes sdsf postProcParam credibleSet extractBips consense '/build/exabayes/pkg/exabayes/usr/bin'
 /usr/bin/mkdir -p '/build/exabayes/pkg/exabayes/usr/share/doc/exabayes/examples/aa'
 /usr/bin/install -c -m 644 examples/dna-partitioned/call-parallel.sh examples/dna-partitioned/call.sh examples/dna-partitioned/aln.phy examples/dna-partitioned/aln.part examples/dna-partitioned/config.nex '/build/exabayes/pkg/exabayes/usr/share/doc/exabayes/examples/dna-partitioned'
 /usr/bin/install -c -m 644 examples/aa-revmat/call-parallel.sh examples/aa-revmat/call.sh examples/aa-revmat/aln.phy examples/aa-revmat/config.nex '/build/exabayes/pkg/exabayes/usr/share/doc/exabayes/examples/aa-revmat'
 /usr/bin/mkdir -p '/build/exabayes/pkg/exabayes/usr/share/doc/exabayes/manual'
 /usr/bin/install -c -m 644 examples/binary/aln.model examples/binary/call-parallel.sh examples/binary/call.sh examples/binary/aln.phy examples/binary/config.nex '/build/exabayes/pkg/exabayes/usr/share/doc/exabayes/examples/aa'
 /usr/bin/install -c -m 644 ./manual/manual.pdf ./manual/css/org.css ./manual/img/banner.png ./manual/img/banner2.png ./manual/manual.html ./manual/library2.html '/build/exabayes/pkg/exabayes/usr/share/doc/exabayes/manual'
make[1]: Leaving directory '/build/exabayes/src/exabayes-1.5.1'
